<?xml version="1.0" encoding="utf-8"?><testsuites name="pytest tests"><testsuite name="pytest" errors="0" failures="0" skipped="0" tests="22" time="12.513" timestamp="2026-09-03T06:25:47.503663+00:00" hostname="agent-env-ff8d98f7-1e59-4828-b0ad-24fa7d473e1c"><testcase classname="tests.test_backend" name="test_root" time="0.370" /><testcase classname="tests.test_backend" name="test_login_seeds_work" time="1.159" /><testcase classname="tests.test_backend" name="test_login_bad_password" time="0.282" /><testcase classname="tests.test_backend" name="test_register_admin_downgrades_to_renter" time="0.284" /><testcase classname="tests.test_backend" name="test_register_duplicate_conflict" time="0.064" /><testcase classname="tests.test_backend" name="test_me" time="0.346" /><testcase classname="tests.test_backend" name="test_me_no_token" time="0.105" /><testcase classname="tests.test_backend" name="test_listings_public" time="0.065" /><testcase classname="tests.test_backend" name="test_listing_detail" time="0.127" /><testcase classname="tests.test_backend" name="test_create_listing_renter_forbidden" time="0.061" /><testcase classname="tests.test_backend" name="test_create_listing_owner_and_delete" time="0.592" /><testcase classname="tests.test_backend" name="test_settings_public_get" time="0.061" /><testcase classname="tests.test_backend" name="test_settings_non_admin_forbidden" time="0.060" /><testcase classname="tests.test_backend" name="test_settings_admin_update" time="0.527" /><testcase classname="tests.test_backend" name="test_booking_blocked_when_unverified" time="0.125" /><testcase classname="tests.test_backend" name="test_incoming_bookings_owner" time="0.061" /><testcase classname="tests.test_backend" name="test_incoming_bookings_renter_forbidden" time="0.061" /><testcase classname="tests.test_backend" name="test_verify_license_flow" time="3.685" /><testcase classname="tests.test_backend" name="test_verify_insurance_flow" time="1.374" /><testcase classname="tests.test_backend" name="test_booking_math_after_verify" time="2.037" /><testcase classname="tests.test_backend" name="test_roadside_bid_flow" time="0.885" /><testcase classname="tests.test_backend" name="test_admin_verifications_list" time="0.132" /></testsuite></testsuites>